<?xml version="1.0" encoding="UTF-8"?>
<coverage generated="1602092132038" clover="3.2.0">
  <project timestamp="1602092132038" name="All files">
    <metrics statements="89" coveredstatements="65" conditionals="25" coveredconditionals="15" methods="41" coveredmethods="26" elements="155" coveredelements="106" complexity="0" loc="89" ncloc="89" packages="3" files="6" classes="6"/>
    <package name="src">
      <metrics statements="32" coveredstatements="32" conditionals="10" coveredconditionals="10" methods="13" coveredmethods="13"/>
      <file name="utils.js" path="/Users/arthur/Documents/workspace/kanban-board/src/utils.js">
        <metrics statements="32" coveredstatements="32" conditionals="10" coveredconditionals="10" methods="13" coveredmethods="13"/>
        <line num="3" count="5" type="stmt"/>
        <line num="4" count="5" type="stmt"/>
        <line num="6" count="5" type="stmt"/>
        <line num="7" count="1" type="stmt"/>
        <line num="8" count="1" type="stmt"/>
        <line num="12" count="23" type="stmt"/>
        <line num="13" count="23" type="stmt"/>
        <line num="14" count="23" type="stmt"/>
        <line num="15" count="23" type="stmt"/>
        <line num="25" count="18" type="stmt"/>
        <line num="26" count="18" type="stmt"/>
        <line num="27" count="18" type="stmt"/>
        <line num="28" count="18" type="stmt"/>
        <line num="29" count="18" type="stmt"/>
        <line num="30" count="18" type="stmt"/>
        <line num="31" count="1" type="stmt"/>
        <line num="33" count="18" type="stmt"/>
        <line num="34" count="4" type="stmt"/>
        <line num="36" count="18" type="stmt"/>
        <line num="37" count="2" type="stmt"/>
        <line num="41" count="5" type="cond" truecount="1" falsecount="0"/>
        <line num="42" count="8" type="stmt"/>
        <line num="43" count="6" type="stmt"/>
        <line num="44" count="6" type="stmt"/>
        <line num="46" count="5" type="stmt"/>
        <line num="47" count="6" type="stmt"/>
        <line num="48" count="6" type="stmt"/>
        <line num="49" count="5" type="cond" truecount="2" falsecount="0"/>
        <line num="50" count="5" type="stmt"/>
        <line num="53" count="5" type="stmt"/>
        <line num="60" count="5" type="stmt"/>
        <line num="62" count="1" type="stmt"/>
      </file>
    </package>
    <package name="src.components">
      <metrics statements="49" coveredstatements="25" conditionals="15" coveredconditionals="5" methods="27" coveredmethods="12"/>
      <file name="Board.vue" path="/Users/arthur/Documents/workspace/kanban-board/src/components/Board.vue">
        <metrics statements="10" coveredstatements="4" conditionals="1" coveredconditionals="0" methods="7" coveredmethods="1"/>
        <line num="37" count="1" type="stmt"/>
        <line num="38" count="1" type="stmt"/>
        <line num="39" count="1" type="stmt"/>
        <line num="44" count="1" type="stmt"/>
        <line num="50" count="0" type="stmt"/>
        <line num="53" count="0" type="stmt"/>
        <line num="57" count="0" type="stmt"/>
        <line num="60" count="0" type="stmt"/>
        <line num="63" count="0" type="stmt"/>
        <line num="71" count="0" type="stmt"/>
      </file>
      <file name="CardHeader.vue" path="/Users/arthur/Documents/workspace/kanban-board/src/components/CardHeader.vue">
        <metrics statements="19" coveredstatements="12" conditionals="8" coveredconditionals="4" methods="9" coveredmethods="7"/>
        <line num="56" count="2" type="stmt"/>
        <line num="57" count="2" type="stmt"/>
        <line num="62" count="3" type="stmt"/>
        <line num="69" count="0" type="cond" truecount="0" falsecount="2"/>
        <line num="70" count="0" type="stmt"/>
        <line num="71" count="0" type="cond" truecount="0" falsecount="2"/>
        <line num="72" count="0" type="stmt"/>
        <line num="74" count="0" type="stmt"/>
        <line num="75" count="0" type="stmt"/>
        <line num="79" count="4" type="stmt"/>
        <line num="80" count="4" type="cond" truecount="2" falsecount="0"/>
        <line num="81" count="1" type="stmt"/>
        <line num="85" count="0" type="stmt"/>
        <line num="90" count="2" type="stmt"/>
        <line num="93" count="2" type="stmt"/>
        <line num="96" count="1" type="cond" truecount="2" falsecount="0"/>
        <line num="105" count="3" type="stmt"/>
        <line num="108" count="1" type="stmt"/>
        <line num="109" count="1" type="stmt"/>
      </file>
      <file name="TabList.vue" path="/Users/arthur/Documents/workspace/kanban-board/src/components/TabList.vue">
        <metrics statements="3" coveredstatements="3" conditionals="0" coveredconditionals="0" methods="1" coveredmethods="1"/>
        <line num="15" count="2" type="stmt"/>
        <line num="16" count="2" type="stmt"/>
        <line num="27" count="1" type="stmt"/>
      </file>
      <file name="TaskCard.vue" path="/Users/arthur/Documents/workspace/kanban-board/src/components/TaskCard.vue">
        <metrics statements="17" coveredstatements="6" conditionals="6" coveredconditionals="1" methods="10" coveredmethods="3"/>
        <line num="60" count="3" type="stmt"/>
        <line num="61" count="3" type="stmt"/>
        <line num="66" count="3" type="stmt"/>
        <line num="81" count="0" type="cond" truecount="0" falsecount="2"/>
        <line num="82" count="0" type="stmt"/>
        <line num="84" count="0" type="stmt"/>
        <line num="88" count="0" type="stmt"/>
        <line num="91" count="0" type="stmt"/>
        <line num="94" count="3" type="stmt"/>
        <line num="95" count="3" type="cond" truecount="1" falsecount="1"/>
        <line num="96" count="0" type="stmt"/>
        <line num="100" count="0" type="stmt"/>
        <line num="103" count="0" type="cond" truecount="0" falsecount="2"/>
        <line num="104" count="0" type="stmt"/>
        <line num="109" count="3" type="stmt"/>
        <line num="112" count="0" type="stmt"/>
        <line num="116" count="0" type="stmt"/>
      </file>
    </package>
    <package name="src.tests">
      <metrics statements="8" coveredstatements="8" conditionals="0" coveredconditionals="0" methods="1" coveredmethods="1"/>
      <file name="mount.js" path="/Users/arthur/Documents/workspace/kanban-board/src/tests/mount.js">
        <metrics statements="8" coveredstatements="8" conditionals="0" coveredconditionals="0" methods="1" coveredmethods="1"/>
        <line num="7" count="4" type="stmt"/>
        <line num="8" count="4" type="stmt"/>
        <line num="9" count="4" type="stmt"/>
        <line num="10" count="4" type="stmt"/>
        <line num="11" count="4" type="stmt"/>
        <line num="13" count="4" type="stmt"/>
        <line num="20" count="4" type="stmt"/>
        <line num="21" count="6" type="stmt"/>
      </file>
    </package>
  </project>
</coverage>
