TN:
SF:src/utils.js
FN:6,(anonymous_0)
FN:11,Task
FN:18,Tab
FN:30,(anonymous_3)
FN:33,(anonymous_4)
FN:34,(anonymous_5)
FN:36,(anonymous_6)
FN:41,(anonymous_7)
FN:43,(anonymous_8)
FN:44,(anonymous_9)
FN:46,(anonymous_10)
FN:52,(anonymous_11)
FN:60,(anonymous_12)
FNF:13
FNH:13
FNDA:1,(anonymous_0)
FNDA:23,Task
FNDA:18,Tab
FNDA:1,(anonymous_3)
FNDA:3,(anonymous_4)
FNDA:4,(anonymous_5)
FNDA:2,(anonymous_6)
FNDA:8,(anonymous_7)
FNDA:6,(anonymous_8)
FNDA:6,(anonymous_9)
FNDA:6,(anonymous_10)
FNDA:5,(anonymous_11)
FNDA:5,(anonymous_12)
DA:3,5
DA:4,5
DA:6,5
DA:7,1
DA:8,1
DA:12,23
DA:13,23
DA:14,23
DA:15,23
DA:25,18
DA:26,18
DA:27,18
DA:28,18
DA:29,18
DA:30,18
DA:31,1
DA:33,18
DA:34,4
DA:36,18
DA:37,2
DA:41,5
DA:42,8
DA:43,6
DA:44,6
DA:46,5
DA:47,6
DA:48,6
DA:49,5
DA:50,5
DA:53,5
DA:60,5
DA:62,1
LF:32
LH:32
BRDA:11,0,0,21
BRDA:11,1,0,22
BRDA:11,2,0,22
BRDA:20,3,0,2
BRDA:21,4,0,16
BRDA:22,5,0,16
BRDA:23,6,0,15
BRDA:41,7,0,5
BRDA:49,8,0,3
BRDA:49,8,1,2
BRF:10
BRH:10
end_of_record
TN:
SF:src/components/Board.vue
FN:43,(anonymous_1)
FN:49,(anonymous_2)
FN:50,(anonymous_3)
FN:52,(anonymous_4)
FN:59,(anonymous_5)
FN:62,(anonymous_6)
FN:70,(anonymous_7)
FNF:7
FNH:1
FNDA:1,(anonymous_1)
FNDA:0,(anonymous_2)
FNDA:0,(anonymous_3)
FNDA:0,(anonymous_4)
FNDA:0,(anonymous_5)
FNDA:0,(anonymous_6)
FNDA:0,(anonymous_7)
DA:37,1
DA:38,1
DA:39,1
DA:44,1
DA:50,0
DA:53,0
DA:57,0
DA:60,0
DA:63,0
DA:71,0
LF:10
LH:4
BRDA:59,0,0,0
BRF:1
BRH:0
end_of_record
TN:
SF:src/components/CardHeader.vue
FN:61,(anonymous_1)
FN:68,(anonymous_2)
FN:78,(anonymous_3)
FN:84,(anonymous_4)
FN:89,(anonymous_5)
FN:92,(anonymous_6)
FN:95,(anonymous_7)
FN:104,(anonymous_8)
FN:107,(anonymous_9)
FNF:9
FNH:7
FNDA:3,(anonymous_1)
FNDA:0,(anonymous_2)
FNDA:4,(anonymous_3)
FNDA:0,(anonymous_4)
FNDA:2,(anonymous_5)
FNDA:2,(anonymous_6)
FNDA:1,(anonymous_7)
FNDA:3,(anonymous_8)
FNDA:1,(anonymous_9)
DA:56,2
DA:57,2
DA:62,3
DA:69,0
DA:70,0
DA:71,0
DA:72,0
DA:74,0
DA:75,0
DA:79,4
DA:80,4
DA:81,1
DA:85,0
DA:90,2
DA:93,2
DA:96,1
DA:105,3
DA:108,1
DA:109,1
LF:19
LH:12
BRDA:69,0,0,0
BRDA:69,0,1,0
BRDA:71,1,0,0
BRDA:71,1,1,0
BRDA:80,2,0,1
BRDA:80,2,1,3
BRDA:96,3,0,1
BRDA:96,3,1,1
BRF:8
BRH:4
end_of_record
TN:
SF:src/components/TabList.vue
FN:26,(anonymous_1)
FNF:1
FNH:1
FNDA:1,(anonymous_1)
DA:15,2
DA:16,2
DA:27,1
LF:3
LH:3
BRF:0
BRH:0
end_of_record
TN:
SF:src/components/TaskCard.vue
FN:65,(anonymous_1)
FN:80,(anonymous_2)
FN:87,(anonymous_3)
FN:90,(anonymous_4)
FN:93,(anonymous_5)
FN:99,(anonymous_6)
FN:102,(anonymous_7)
FN:108,(anonymous_8)
FN:111,(anonymous_9)
FN:115,(anonymous_10)
FNF:10
FNH:3
FNDA:3,(anonymous_1)
FNDA:0,(anonymous_2)
FNDA:0,(anonymous_3)
FNDA:0,(anonymous_4)
FNDA:3,(anonymous_5)
FNDA:0,(anonymous_6)
FNDA:0,(anonymous_7)
FNDA:3,(anonymous_8)
FNDA:0,(anonymous_9)
FNDA:0,(anonymous_10)
DA:60,3
DA:61,3
DA:66,3
DA:81,0
DA:82,0
DA:84,0
DA:88,0
DA:91,0
DA:94,3
DA:95,3
DA:96,0
DA:100,0
DA:103,0
DA:104,0
DA:109,3
DA:112,0
DA:116,0
LF:17
LH:6
BRDA:81,0,0,0
BRDA:81,0,1,0
BRDA:95,1,0,0
BRDA:95,1,1,3
BRDA:103,2,0,0
BRDA:103,2,1,0
BRF:6
BRH:1
end_of_record
TN:
SF:src/tests/mount.js
FN:20,(anonymous_0)
FNF:1
FNH:1
FNDA:6,(anonymous_0)
DA:7,4
DA:8,4
DA:9,4
DA:10,4
DA:11,4
DA:13,4
DA:20,4
DA:21,6
LF:8
LH:8
BRF:0
BRH:0
end_of_record
